Using pre-set license
Built from '2020.3/staging' branch; Version is '2020.3.3f1 (76626098c1c4) revision 7758432'; Using compiler version '192528614'; Build Type 'Release'
OS: 'Windows 10 Education; OS build 19041.867; Version 2004; 64bit' Language: 'en' Physical Memory: 16313 MB
BatchMode: 1, IsHumanControllingUs: 0, StartBugReporterOnCrash: 0, Is64bit: 1, IsPro: 0

 COMMAND LINE ARGUMENTS:
C:\Program Files\Unity\Hub\Editor\2020.3.3f1\Editor\Unity.exe
-adb2
-batchMode
-noUpm
-name
AssetImportWorker0
-projectPath
C:/Users/Destin/Documents/Unity/Drake/Drake
-logFile
Logs/AssetImportWorker0.log
-srvPort
56776
Successfully changed project path to: C:/Users/Destin/Documents/Unity/Drake/Drake
C:/Users/Destin/Documents/Unity/Drake/Drake
Using Asset Import Pipeline V2.
Refreshing native plugins compatible for Editor in 43.15 ms, found 0 plugins.
Preloading 0 native plugins for Editor in 0.00 ms.
Initialize engine version: 2020.3.3f1 (76626098c1c4)
[Subsystems] Discovering subsystems at path C:/Program Files/Unity/Hub/Editor/2020.3.3f1/Editor/Data/Resources/UnitySubsystems
[Subsystems] Discovering subsystems at path C:/Users/Destin/Documents/Unity/Drake/Drake/Assets
GfxDevice: creating device client; threaded=0
Direct3D:
    Version:  Direct3D 11.0 [level 11.1]
    Renderer: NVIDIA GeForce RTX 2070 SUPER (ID=0x1e84)
    Vendor:   
    VRAM:     8011 MB
    Driver:   27.21.14.5671
Initialize mono
Mono path[0] = 'C:/Program Files/Unity/Hub/Editor/2020.3.3f1/Editor/Data/Managed'
Mono path[1] = 'C:/Program Files/Unity/Hub/Editor/2020.3.3f1/Editor/Data/MonoBleedingEdge/lib/mono/unityjit'
Mono config path = 'C:/Program Files/Unity/Hub/Editor/2020.3.3f1/Editor/Data/MonoBleedingEdge/etc'
Using monoOptions --debugger-agent=transport=dt_socket,embedding=1,server=y,suspend=n,address=127.0.0.1:56792
Begin MonoManager ReloadAssembly
Registering precompiled unity dll's ...
Register platform support module: C:/Program Files/Unity/Hub/Editor/2020.3.3f1/Editor/Data/PlaybackEngines/WindowsStandaloneSupport/UnityEditor.WindowsStandalone.Extensions.dll
Registered in 0.001789 seconds.
Native extension for WindowsStandalone target not found
Refreshing native plugins compatible for Editor in 40.51 ms, found 0 plugins.
Preloading 0 native plugins for Editor in 0.00 ms.
Invoked RoslynAnalysisRunner static constructor.
RoslynAnalysisRunner will not be running.
RoslynAnalysisRunner has terminated.
Mono: successfully reloaded assembly
- Completed reload, in  1.105 seconds
Platform modules already initialized, skipping
Registering precompiled user dll's ...
Registered in 0.001841 seconds.
Begin MonoManager ReloadAssembly
Native extension for WindowsStandalone target not found
Refreshing native plugins compatible for Editor in 0.74 ms, found 0 plugins.
Preloading 0 native plugins for Editor in 0.00 ms.
Invoked RoslynAnalysisRunner static constructor.
RoslynAnalysisRunner will not be running.
RoslynAnalysisRunner has terminated.
Mono: successfully reloaded assembly
- Completed reload, in  0.867 seconds
Platform modules already initialized, skipping
========================================================================
Worker process is ready to serve import requests
Launched and connected shader compiler UnityShaderCompiler.exe after 0.05 seconds
Refreshing native plugins compatible for Editor in 0.47 ms, found 0 plugins.
Preloading 0 native plugins for Editor in 0.00 ms.
Unloading 1434 Unused Serialized files (Serialized files now loaded: 0)
System memory in use before: 66.1 MB.
System memory in use after: 66.2 MB.

Unloading 33 unused Assets to reduce memory usage. Loaded Objects now: 1865.
Total: 2.146900 ms (FindLiveObjects: 0.252300 ms CreateObjectMapping: 0.035200 ms MarkObjects: 1.758200 ms  DeleteObjects: 0.100000 ms)

========================================================================
Received Import Request.
  path: Assets/HELLO.txt
  artifactKey: Guid(d043e4d39b1f68348bf103b16b17425f) Importer(815301076,1909f56bfc062723c751e8b465ee728b)
Start importing Assets/HELLO.txt using Guid(d043e4d39b1f68348bf103b16b17425f) Importer(815301076,1909f56bfc062723c751e8b465ee728b)  -> (artifact id: '862b79c14b7eb99be6d429d7780455fe') in 0.040206 seconds
  Import took 0.043060 seconds .

========================================================================
Received Prepare
Refreshing native plugins compatible for Editor in 5.56 ms, found 0 plugins.
Preloading 0 native plugins for Editor in 0.00 ms.
Unloading 23 Unused Serialized files (Serialized files now loaded: 0)
System memory in use before: 38.0 MB.
System memory in use after: 38.1 MB.

Unloading 22 unused Assets to reduce memory usage. Loaded Objects now: 1865.
Total: 3.789100 ms (FindLiveObjects: 0.520800 ms CreateObjectMapping: 0.072300 ms MarkObjects: 3.161400 ms  DeleteObjects: 0.032800 ms)

========================================================================
Received Import Request.
  Time since last request: 12.517485 seconds.
  path: Assets/HELLO.txt
  artifactKey: Guid(d043e4d39b1f68348bf103b16b17425f) Importer(815301076,1909f56bfc062723c751e8b465ee728b)
Start importing Assets/HELLO.txt using Guid(d043e4d39b1f68348bf103b16b17425f) Importer(815301076,1909f56bfc062723c751e8b465ee728b)  -> (artifact id: 'f04c9c787ff077be7492b49b953bc84f') in 0.003459 seconds
  Import took 0.005914 seconds .

